<?xml version="1.0" encoding="UTF-8"?>
<!-- Generated by org.testng.reporters.JUnitReportReporter -->
<testsuite hostname="LAPTOP-4352LHDG" failures="0" tests="1" name="com.runnerclass.TestRunnerClass" time="27.778" errors="0" timestamp="16 Jun 2022 14:55:17 GMT" skipped="0">
  <testcase classname="com.runnerclass.TestRunnerClass" name="runScenario" time="27.778"/>
</testsuite> <!-- com.runnerclass.TestRunnerClass -->
