<?xml version="1.0" encoding="UTF-8"?>
<!-- Generated by org.testng.reporters.JUnitReportReporter -->
<testsuite skipped="0" hostname="LAPTOP-4HRP1GOF" name="com.runnerclass.TestRunnerClass" tests="1" failures="0" timestamp="11 Jul 2022 17:08:27 GMT" time="36.211" errors="0">
  <testcase name="runScenario" time="36.211" classname="com.runnerclass.TestRunnerClass"/>
</testsuite> <!-- com.runnerclass.TestRunnerClass -->
